2017-08-30 17:00:01 [NSkyEye-akka.actor.default-dispatcher-19] ERROR c.x.n.a.remote.MessageDispatcher - Exception: Futures timed out after [5000 milliseconds]
2017-09-18 16:41:51 [NSkyEye-akka.actor.default-dispatcher-2] INFO  /user/enterprises - EVSManager init success, path = /user/enterprises
2017-09-18 16:41:51 [NSkyEye-akka.actor.default-dispatcher-14] INFO  /user/enterprises - Receive message: Actor[akka://NSkyEye/system/distributedPubSubMediator#-1796356240]
2017-09-18 17:09:04 [NSkyEye-akka.actor.default-dispatcher-15] INFO  /user/enterprises - EVSManager init success, path = /user/enterprises
2017-09-18 17:09:04 [NSkyEye-akka.actor.default-dispatcher-15] INFO  /user/enterprises - Receive message: Actor[akka://NSkyEye/system/distributedPubSubMediator#1220887671]
2017-09-18 17:11:19 [NSkyEye-akka.actor.default-dispatcher-4] INFO  /user/enterprises - EVSManager init success, path = /user/enterprises
2017-09-18 17:11:19 [NSkyEye-akka.actor.default-dispatcher-4] INFO  /user/enterprises - Receive message: Actor[akka://NSkyEye/system/distributedPubSubMediator#-1747006374]
2017-09-18 17:11:26 [NSkyEye-akka.actor.default-dispatcher-4] INFO  /user/enterprises - EVSManager init success, path = /user/enterprises
2017-09-18 17:11:26 [NSkyEye-akka.actor.default-dispatcher-22] INFO  /user/enterprises - Receive message: Actor[akka://NSkyEye/system/distributedPubSubMediator#967024303]
2017-09-18 17:12:28 [NSkyEye-akka.actor.default-dispatcher-6] INFO  /user/enterprises - EVSManager init success, path = /user/enterprises
2017-09-18 17:12:28 [NSkyEye-akka.actor.default-dispatcher-21] INFO  /user/enterprises - Receive message: Actor[akka://NSkyEye/system/distributedPubSubMediator#590602086]
2017-09-18 17:28:11 [NSkyEye-akka.actor.default-dispatcher-16] INFO  /user/enterprises - EVSManager init success, path = /user/enterprises
2017-09-18 17:28:11 [NSkyEye-akka.actor.default-dispatcher-19] INFO  /user/enterprises - Receive message: Actor[akka://NSkyEye/system/distributedPubSubMediator#-1821035019]
2017-09-18 17:28:36 [NSkyEye-akka.actor.default-dispatcher-5] ERROR c.x.s.a.remote.MessageDispatcher - Exception: Futures timed out after [5000 milliseconds]
2017-09-18 17:35:53 [NSkyEye-akka.actor.default-dispatcher-5] ERROR c.x.s.a.remote.MessageDispatcher - Exception: Futures timed out after [5000 milliseconds]
2017-09-18 17:37:45 [NSkyEye-akka.actor.default-dispatcher-3] INFO  /user/enterprises - EVSManager init success, path = /user/enterprises
2017-09-18 17:37:45 [NSkyEye-akka.actor.default-dispatcher-3] INFO  /user/enterprises - Receive message: Actor[akka://NSkyEye/system/distributedPubSubMediator#1469931843]
2017-09-18 17:38:18 [NSkyEye-akka.actor.default-dispatcher-2] ERROR c.x.s.a.remote.MessageDispatcher - Exception: Futures timed out after [5000 milliseconds]
2017-09-18 17:38:52 [NSkyEye-akka.actor.default-dispatcher-17] INFO  /user/enterprises - EVSManager init success, path = /user/enterprises
2017-09-18 17:38:52 [NSkyEye-akka.actor.default-dispatcher-19] INFO  /user/enterprises - Receive message: Actor[akka://NSkyEye/system/distributedPubSubMediator#-334755187]
2017-09-18 17:39:02 [NSkyEye-akka.actor.default-dispatcher-17] ERROR c.x.s.a.remote.MessageDispatcher - Exception: Futures timed out after [5000 milliseconds]
2017-09-18 17:44:01 [NSkyEye-akka.actor.default-dispatcher-3] ERROR c.x.s.a.remote.MessageDispatcher - Exception: Futures timed out after [5000 milliseconds]
2017-09-18 17:44:16 [NSkyEye-akka.actor.default-dispatcher-72] ERROR c.x.s.a.remote.MessageDispatcher - Exception: Futures timed out after [5000 milliseconds]
2017-09-18 17:51:18 [NSkyEye-akka.actor.default-dispatcher-5] INFO  /user/enterprises - EVSManager init success, path = /user/enterprises
2017-09-18 17:51:18 [NSkyEye-akka.actor.default-dispatcher-18] INFO  /user/enterprises - Receive message: Actor[akka://NSkyEye/system/distributedPubSubMediator#711365952]
2017-09-18 17:51:33 [NSkyEye-akka.actor.default-dispatcher-20] ERROR c.x.s.a.remote.MessageDispatcher - Exception: Futures timed out after [5000 milliseconds]
2017-09-18 17:52:28 [NSkyEye-akka.actor.default-dispatcher-4] INFO  /user/enterprises - EVSManager init success, path = /user/enterprises
2017-09-18 17:52:28 [NSkyEye-akka.actor.default-dispatcher-21] INFO  /user/enterprises - Receive message: Actor[akka://NSkyEye/system/distributedPubSubMediator#-987084012]
2017-09-18 17:52:36 [NSkyEye-akka.actor.default-dispatcher-4] INFO  /user/enterprises - Receive message: Actor[akka://NSkyEye/temp/$a]
2017-09-18 17:53:37 [NSkyEye-akka.actor.default-dispatcher-5] INFO  /user/enterprises - Receive message: Actor[akka://NSkyEye/temp/$b]
2017-09-18 17:53:45 [NSkyEye-akka.actor.default-dispatcher-22] ERROR c.x.s.a.remote.MessageDispatcher - Exception: Futures timed out after [5000 milliseconds]
2017-09-18 17:54:05 [NSkyEye-akka.actor.default-dispatcher-20] INFO  /user/enterprises - Receive message: Actor[akka://NSkyEye/temp/$c]
2017-09-18 17:54:20 [NSkyEye-akka.actor.default-dispatcher-18] INFO  /user/enterprises - Receive message: Actor[akka://NSkyEye/temp/$d]
2017-09-18 17:57:38 [NSkyEye-akka.actor.default-dispatcher-9] INFO  /user/enterprises - EVSManager init success, path = /user/enterprises
2017-09-18 17:57:38 [NSkyEye-akka.actor.default-dispatcher-10] INFO  /user/enterprises - Receive message: Actor[akka://NSkyEye/system/distributedPubSubMediator#-949149874]
2017-09-18 17:57:48 [NSkyEye-akka.actor.default-dispatcher-4] INFO  /user/enterprises - Receive message: Actor[akka://NSkyEye/temp/$a]
2017-09-18 18:03:22 [NSkyEye-akka.actor.default-dispatcher-20] INFO  /user/enterprises - EVSManager init success, path = /user/enterprises
2017-09-18 18:03:22 [NSkyEye-akka.actor.default-dispatcher-16] INFO  /user/enterprises - Receive message: Actor[akka://NSkyEye/system/distributedPubSubMediator#442066117]
2017-09-18 18:04:46 [NSkyEye-akka.actor.default-dispatcher-19] INFO  /user/enterprises - Receive message: Actor[akka://NSkyEye/temp/$a]
2017-09-18 18:04:58 [NSkyEye-akka.actor.default-dispatcher-18] INFO  /user/enterprises - Receive message: Actor[akka://NSkyEye/temp/$b]
2017-09-18 18:05:01 [NSkyEye-akka.actor.default-dispatcher-21] INFO  /user/enterprises - Receive message: Actor[akka://NSkyEye/temp/$c]
